【创建持久化节点异常】/zk-watcher-2,测试,java.lang.NullPointerException 
【创建持久化节点异常】/zk-watcher-2,zz,java.lang.NullPointerException 
【创建持久化节点异常】/zk-watcher-2,zz,java.lang.NullPointerException 
【创建持久化节点异常】/netty-dubbo,Test,org.apache.zookeeper.KeeperException$NodeExistsException: KeeperErrorCode = NodeExists for /netty-dubbo 
【创建持久化节点异常】/netty-dubbo,Test,org.apache.zookeeper.KeeperException$NodeExistsException: KeeperErrorCode = NodeExists for /netty-dubbo 
Error while calling watcher  
java.lang.NullPointerException: null
	at com.wf.netty.utils.ZkWatcher.process(ZkWatcher.java:45) ~[classes/:?]
	at org.apache.zookeeper.ClientCnxn$EventThread.processEvent(ClientCnxn.java:533) [zookeeper-3.4.14.jar:3.4.14-4c25d480e66aadd371de8bd2fd8da255ac140bcf]
	at org.apache.zookeeper.ClientCnxn$EventThread.run(ClientCnxn.java:508) [zookeeper-3.4.14.jar:3.4.14-4c25d480e66aadd371de8bd2fd8da255ac140bcf]
Error while calling watcher  
java.lang.NullPointerException: null
	at com.wf.netty.utils.ZkWatcher.process(ZkWatcher.java:45) ~[classes/:?]
	at org.apache.zookeeper.ClientCnxn$EventThread.processEvent(ClientCnxn.java:533) [zookeeper-3.4.14.jar:3.4.14-4c25d480e66aadd371de8bd2fd8da255ac140bcf]
	at org.apache.zookeeper.ClientCnxn$EventThread.run(ClientCnxn.java:508) [zookeeper-3.4.14.jar:3.4.14-4c25d480e66aadd371de8bd2fd8da255ac140bcf]
Session 0x1000163df4f0004 for server activate.navicat.com/127.0.0.1:2181, unexpected error, closing socket connection and attempting reconnect 
java.io.IOException: 远程主机强迫关闭了一个现有的连接。
	at sun.nio.ch.SocketDispatcher.read0(Native Method) ~[?:1.8.0_111]
	at sun.nio.ch.SocketDispatcher.read(SocketDispatcher.java:43) ~[?:1.8.0_111]
	at sun.nio.ch.IOUtil.readIntoNativeBuffer(IOUtil.java:223) ~[?:1.8.0_111]
	at sun.nio.ch.IOUtil.read(IOUtil.java:192) ~[?:1.8.0_111]
	at sun.nio.ch.SocketChannelImpl.read(SocketChannelImpl.java:380) ~[?:1.8.0_111]
	at org.apache.zookeeper.ClientCnxnSocketNIO.doIO(ClientCnxnSocketNIO.java:68) ~[zookeeper-3.4.14.jar:3.4.14-4c25d480e66aadd371de8bd2fd8da255ac140bcf]
	at org.apache.zookeeper.ClientCnxnSocketNIO.doTransport(ClientCnxnSocketNIO.java:366) ~[zookeeper-3.4.14.jar:3.4.14-4c25d480e66aadd371de8bd2fd8da255ac140bcf]
	at org.apache.zookeeper.ClientCnxn$SendThread.run(ClientCnxn.java:1141) [zookeeper-3.4.14.jar:3.4.14-4c25d480e66aadd371de8bd2fd8da255ac140bcf]
Session 0x1000163df4f0004 for server activate.navicat.com/127.0.0.1:2181, unexpected error, closing socket connection and attempting reconnect 
java.io.IOException: 远程主机强迫关闭了一个现有的连接。
	at sun.nio.ch.SocketDispatcher.read0(Native Method) ~[?:1.8.0_111]
	at sun.nio.ch.SocketDispatcher.read(SocketDispatcher.java:43) ~[?:1.8.0_111]
	at sun.nio.ch.IOUtil.readIntoNativeBuffer(IOUtil.java:223) ~[?:1.8.0_111]
	at sun.nio.ch.IOUtil.read(IOUtil.java:192) ~[?:1.8.0_111]
	at sun.nio.ch.SocketChannelImpl.read(SocketChannelImpl.java:380) ~[?:1.8.0_111]
	at org.apache.zookeeper.ClientCnxnSocketNIO.doIO(ClientCnxnSocketNIO.java:68) ~[zookeeper-3.4.14.jar:3.4.14-4c25d480e66aadd371de8bd2fd8da255ac140bcf]
	at org.apache.zookeeper.ClientCnxnSocketNIO.doTransport(ClientCnxnSocketNIO.java:366) ~[zookeeper-3.4.14.jar:3.4.14-4c25d480e66aadd371de8bd2fd8da255ac140bcf]
	at org.apache.zookeeper.ClientCnxn$SendThread.run(ClientCnxn.java:1141) [zookeeper-3.4.14.jar:3.4.14-4c25d480e66aadd371de8bd2fd8da255ac140bcf]
session timeout [3000] is less than connection timeout [15000] 
session timeout [3000] is less than connection timeout [15000] 
session timeout [3000] is less than connection timeout [15000] 
session timeout [3000] is less than connection timeout [15000] 
session timeout [300] is less than connection timeout [15000] 
session timeout [300] is less than connection timeout [15000] 
session timeout [300] is less than connection timeout [15000] 
session timeout [300] is less than connection timeout [15000] 
session timeout [300] is less than connection timeout [15000] 
session timeout [300] is less than connection timeout [15000] 
session timeout [300] is less than connection timeout [15000] 
session timeout [300] is less than connection timeout [15000] 
session timeout [300] is less than connection timeout [15000] 
session timeout [300] is less than connection timeout [15000] 
session timeout [300] is less than connection timeout [15000] 
session timeout [300] is less than connection timeout [15000] 
session timeout [300] is less than connection timeout [15000] 
session timeout [300] is less than connection timeout [15000] 
session timeout [300] is less than connection timeout [15000] 
session timeout [300] is less than connection timeout [15000] 
session timeout [300] is less than connection timeout [15000] 
session timeout [300] is less than connection timeout [15000] 
session timeout [300] is less than connection timeout [15000] 
session timeout [300] is less than connection timeout [15000] 
session timeout [300] is less than connection timeout [15000] 
session timeout [300] is less than connection timeout [15000] 
session timeout [300] is less than connection timeout [15000] 
session timeout [300] is less than connection timeout [15000] 
session timeout [300] is less than connection timeout [15000] 
session timeout [300] is less than connection timeout [15000] 
session timeout [300] is less than connection timeout [15000] 
session timeout [300] is less than connection timeout [15000] 
session timeout [300] is less than connection timeout [15000] 
session timeout [300] is less than connection timeout [15000] 
session timeout [300] is less than connection timeout [15000] 
session timeout [300] is less than connection timeout [15000] 
session timeout [300] is less than connection timeout [15000] 
session timeout [300] is less than connection timeout [15000] 
session timeout [300] is less than connection timeout [15000] 
session timeout [300] is less than connection timeout [15000] 
Client session timed out, have not heard from server in 300ms for sessionid 0x0 
Client session timed out, have not heard from server in 300ms for sessionid 0x0 
Client session timed out, have not heard from server in 301ms for sessionid 0x0 
Client session timed out, have not heard from server in 301ms for sessionid 0x0 
Client session timed out, have not heard from server in 301ms for sessionid 0x0 
Client session timed out, have not heard from server in 301ms for sessionid 0x0 
Client session timed out, have not heard from server in 301ms for sessionid 0x0 
Client session timed out, have not heard from server in 301ms for sessionid 0x0 
Client session timed out, have not heard from server in 300ms for sessionid 0x0 
Client session timed out, have not heard from server in 300ms for sessionid 0x0 
Client session timed out, have not heard from server in 300ms for sessionid 0x0 
Client session timed out, have not heard from server in 300ms for sessionid 0x0 
Client session timed out, have not heard from server in 300ms for sessionid 0x0 
Client session timed out, have not heard from server in 300ms for sessionid 0x0 
session timeout [300] is less than connection timeout [15000] 
session timeout [300] is less than connection timeout [15000] 
session timeout [300] is less than connection timeout [15000] 
session timeout [300] is less than connection timeout [15000] 
session timeout [300] is less than connection timeout [15000] 
session timeout [300] is less than connection timeout [15000] 
session timeout [300] is less than connection timeout [15000] 
session timeout [300] is less than connection timeout [15000] 
session timeout [300] is less than connection timeout [15000] 
session timeout [300] is less than connection timeout [15000] 
session timeout [300] is less than connection timeout [15000] 
session timeout [300] is less than connection timeout [15000] 
获取zk目录/netty-dubbo/com.wf.dubbo2.demo.api.DemoService-1.0异常KeeperErrorCode = NoNode for /netty-dubbo/com.wf.dubbo2.demo.api.DemoService-1.0 
调用失败：e:java.lang.RuntimeException: 获取zk目录[/netty-dubbo/com.wf.dubbo2.demo.api.DemoService-1.0]异常：KeeperErrorCode = NoNode for /netty-dubbo/com.wf.dubbo2.demo.api.DemoService-1.0 
session timeout [300] is less than connection timeout [15000] 
session timeout [300] is less than connection timeout [15000] 
session timeout [300] is less than connection timeout [15000] 
session timeout [300] is less than connection timeout [15000] 
获取zk目录/netty-dubbo/com.wf.dubbo2.demo.api.DemoService-1.0异常KeeperErrorCode = NoNode for /netty-dubbo/com.wf.dubbo2.demo.api.DemoService-1.0 
调用失败：e:java.lang.RuntimeException: 获取zk目录[/netty-dubbo/com.wf.dubbo2.demo.api.DemoService-1.0]异常：KeeperErrorCode = NoNode for /netty-dubbo/com.wf.dubbo2.demo.api.DemoService-1.0 
session timeout [300] is less than connection timeout [15000] 
session timeout [300] is less than connection timeout [15000] 
session timeout [300] is less than connection timeout [15000] 
session timeout [300] is less than connection timeout [15000] 
session timeout [300] is less than connection timeout [15000] 
session timeout [300] is less than connection timeout [15000] 
调用失败：e:java.lang.NullPointerException 
调用失败：e:java.lang.NullPointerException 
调用失败：e:java.lang.NullPointerException 
调用失败：e:java.lang.NullPointerException 
调用失败：e:java.lang.NullPointerException 
Unexpected exception from downstream. 
java.lang.ClassCastException: java.lang.String cannot be cast to com.wf.netty.vo.RpcRequset
	at com.wf.netty.server.handler.RpcServerHandler.channelRead0(RpcServerHandler.java:32) ~[classes/:?]
	at io.netty.channel.SimpleChannelInboundHandler.channelRead(SimpleChannelInboundHandler.java:105) ~[netty-all-4.1.25.Final.jar:4.1.25.Final]
	at io.netty.channel.AbstractChannelHandlerContext.invokeChannelRead(AbstractChannelHandlerContext.java:362) [netty-all-4.1.25.Final.jar:4.1.25.Final]
	at io.netty.channel.AbstractChannelHandlerContext.invokeChannelRead(AbstractChannelHandlerContext.java:348) [netty-all-4.1.25.Final.jar:4.1.25.Final]
	at io.netty.channel.AbstractChannelHandlerContext.fireChannelRead(AbstractChannelHandlerContext.java:340) [netty-all-4.1.25.Final.jar:4.1.25.Final]
	at io.netty.handler.codec.MessageToMessageDecoder.channelRead(MessageToMessageDecoder.java:102) [netty-all-4.1.25.Final.jar:4.1.25.Final]
	at io.netty.channel.AbstractChannelHandlerContext.invokeChannelRead(AbstractChannelHandlerContext.java:362) [netty-all-4.1.25.Final.jar:4.1.25.Final]
	at io.netty.channel.AbstractChannelHandlerContext.invokeChannelRead(AbstractChannelHandlerContext.java:348) [netty-all-4.1.25.Final.jar:4.1.25.Final]
	at io.netty.channel.AbstractChannelHandlerContext.fireChannelRead(AbstractChannelHandlerContext.java:340) [netty-all-4.1.25.Final.jar:4.1.25.Final]
	at io.netty.handler.codec.ByteToMessageDecoder.fireChannelRead(ByteToMessageDecoder.java:310) [netty-all-4.1.25.Final.jar:4.1.25.Final]
	at io.netty.handler.codec.ByteToMessageDecoder.channelRead(ByteToMessageDecoder.java:284) [netty-all-4.1.25.Final.jar:4.1.25.Final]
	at io.netty.channel.AbstractChannelHandlerContext.invokeChannelRead(AbstractChannelHandlerContext.java:362) [netty-all-4.1.25.Final.jar:4.1.25.Final]
	at io.netty.channel.AbstractChannelHandlerContext.invokeChannelRead(AbstractChannelHandlerContext.java:348) [netty-all-4.1.25.Final.jar:4.1.25.Final]
	at io.netty.channel.AbstractChannelHandlerContext.fireChannelRead(AbstractChannelHandlerContext.java:340) [netty-all-4.1.25.Final.jar:4.1.25.Final]
	at io.netty.channel.DefaultChannelPipeline$HeadContext.channelRead(DefaultChannelPipeline.java:1434) [netty-all-4.1.25.Final.jar:4.1.25.Final]
	at io.netty.channel.AbstractChannelHandlerContext.invokeChannelRead(AbstractChannelHandlerContext.java:362) [netty-all-4.1.25.Final.jar:4.1.25.Final]
	at io.netty.channel.AbstractChannelHandlerContext.invokeChannelRead(AbstractChannelHandlerContext.java:348) [netty-all-4.1.25.Final.jar:4.1.25.Final]
	at io.netty.channel.DefaultChannelPipeline.fireChannelRead(DefaultChannelPipeline.java:965) [netty-all-4.1.25.Final.jar:4.1.25.Final]
	at io.netty.channel.nio.AbstractNioByteChannel$NioByteUnsafe.read(AbstractNioByteChannel.java:163) [netty-all-4.1.25.Final.jar:4.1.25.Final]
	at io.netty.channel.nio.NioEventLoop.processSelectedKey(NioEventLoop.java:647) [netty-all-4.1.25.Final.jar:4.1.25.Final]
	at io.netty.channel.nio.NioEventLoop.processSelectedKeysOptimized(NioEventLoop.java:582) [netty-all-4.1.25.Final.jar:4.1.25.Final]
	at io.netty.channel.nio.NioEventLoop.processSelectedKeys(NioEventLoop.java:499) [netty-all-4.1.25.Final.jar:4.1.25.Final]
	at io.netty.channel.nio.NioEventLoop.run(NioEventLoop.java:461) [netty-all-4.1.25.Final.jar:4.1.25.Final]
	at io.netty.util.concurrent.SingleThreadEventExecutor$5.run(SingleThreadEventExecutor.java:884) [netty-all-4.1.25.Final.jar:4.1.25.Final]
	at io.netty.util.concurrent.FastThreadLocalRunnable.run(FastThreadLocalRunnable.java:30) [netty-all-4.1.25.Final.jar:4.1.25.Final]
	at java.lang.Thread.run(Thread.java:745) [?:1.8.0_111]
调用服务com.wf.dubbo2.demo.api.DemoService-1.0未收到响应... 
调用失败：e:java.lang.RuntimeException: 调用服务[127.0.0.1:8089]未收到响应... 
Unexpected exception from downstream. 
java.lang.ClassCastException: java.lang.String cannot be cast to com.wf.netty.vo.RpcRequset
	at com.wf.netty.server.handler.RpcServerHandler.channelRead0(RpcServerHandler.java:32) ~[classes/:?]
	at io.netty.channel.SimpleChannelInboundHandler.channelRead(SimpleChannelInboundHandler.java:105) ~[netty-all-4.1.25.Final.jar:4.1.25.Final]
	at io.netty.channel.AbstractChannelHandlerContext.invokeChannelRead(AbstractChannelHandlerContext.java:362) [netty-all-4.1.25.Final.jar:4.1.25.Final]
	at io.netty.channel.AbstractChannelHandlerContext.invokeChannelRead(AbstractChannelHandlerContext.java:348) [netty-all-4.1.25.Final.jar:4.1.25.Final]
	at io.netty.channel.AbstractChannelHandlerContext.fireChannelRead(AbstractChannelHandlerContext.java:340) [netty-all-4.1.25.Final.jar:4.1.25.Final]
	at io.netty.handler.codec.MessageToMessageDecoder.channelRead(MessageToMessageDecoder.java:102) [netty-all-4.1.25.Final.jar:4.1.25.Final]
	at io.netty.channel.AbstractChannelHandlerContext.invokeChannelRead(AbstractChannelHandlerContext.java:362) [netty-all-4.1.25.Final.jar:4.1.25.Final]
	at io.netty.channel.AbstractChannelHandlerContext.invokeChannelRead(AbstractChannelHandlerContext.java:348) [netty-all-4.1.25.Final.jar:4.1.25.Final]
	at io.netty.channel.AbstractChannelHandlerContext.fireChannelRead(AbstractChannelHandlerContext.java:340) [netty-all-4.1.25.Final.jar:4.1.25.Final]
	at io.netty.handler.codec.ByteToMessageDecoder.fireChannelRead(ByteToMessageDecoder.java:310) [netty-all-4.1.25.Final.jar:4.1.25.Final]
	at io.netty.handler.codec.ByteToMessageDecoder.channelRead(ByteToMessageDecoder.java:284) [netty-all-4.1.25.Final.jar:4.1.25.Final]
	at io.netty.channel.AbstractChannelHandlerContext.invokeChannelRead(AbstractChannelHandlerContext.java:362) [netty-all-4.1.25.Final.jar:4.1.25.Final]
	at io.netty.channel.AbstractChannelHandlerContext.invokeChannelRead(AbstractChannelHandlerContext.java:348) [netty-all-4.1.25.Final.jar:4.1.25.Final]
	at io.netty.channel.AbstractChannelHandlerContext.fireChannelRead(AbstractChannelHandlerContext.java:340) [netty-all-4.1.25.Final.jar:4.1.25.Final]
	at io.netty.channel.DefaultChannelPipeline$HeadContext.channelRead(DefaultChannelPipeline.java:1434) [netty-all-4.1.25.Final.jar:4.1.25.Final]
	at io.netty.channel.AbstractChannelHandlerContext.invokeChannelRead(AbstractChannelHandlerContext.java:362) [netty-all-4.1.25.Final.jar:4.1.25.Final]
	at io.netty.channel.AbstractChannelHandlerContext.invokeChannelRead(AbstractChannelHandlerContext.java:348) [netty-all-4.1.25.Final.jar:4.1.25.Final]
	at io.netty.channel.DefaultChannelPipeline.fireChannelRead(DefaultChannelPipeline.java:965) [netty-all-4.1.25.Final.jar:4.1.25.Final]
	at io.netty.channel.nio.AbstractNioByteChannel$NioByteUnsafe.read(AbstractNioByteChannel.java:163) [netty-all-4.1.25.Final.jar:4.1.25.Final]
	at io.netty.channel.nio.NioEventLoop.processSelectedKey(NioEventLoop.java:647) [netty-all-4.1.25.Final.jar:4.1.25.Final]
	at io.netty.channel.nio.NioEventLoop.processSelectedKeysOptimized(NioEventLoop.java:582) [netty-all-4.1.25.Final.jar:4.1.25.Final]
	at io.netty.channel.nio.NioEventLoop.processSelectedKeys(NioEventLoop.java:499) [netty-all-4.1.25.Final.jar:4.1.25.Final]
	at io.netty.channel.nio.NioEventLoop.run(NioEventLoop.java:461) [netty-all-4.1.25.Final.jar:4.1.25.Final]
	at io.netty.util.concurrent.SingleThreadEventExecutor$5.run(SingleThreadEventExecutor.java:884) [netty-all-4.1.25.Final.jar:4.1.25.Final]
	at io.netty.util.concurrent.FastThreadLocalRunnable.run(FastThreadLocalRunnable.java:30) [netty-all-4.1.25.Final.jar:4.1.25.Final]
	at java.lang.Thread.run(Thread.java:745) [?:1.8.0_111]
调用服务com.wf.dubbo2.demo.api.DemoService-1.0未收到响应... 
调用失败：e:java.lang.RuntimeException: 调用服务[127.0.0.1:8089]未收到响应... 
Unexpected exception from downstream. 
java.lang.ClassCastException: java.lang.String cannot be cast to com.wf.netty.vo.RpcRequset
	at com.wf.netty.server.handler.RpcServerHandler.channelRead0(RpcServerHandler.java:32) ~[classes/:?]
	at io.netty.channel.SimpleChannelInboundHandler.channelRead(SimpleChannelInboundHandler.java:105) ~[netty-all-4.1.25.Final.jar:4.1.25.Final]
	at io.netty.channel.AbstractChannelHandlerContext.invokeChannelRead(AbstractChannelHandlerContext.java:362) [netty-all-4.1.25.Final.jar:4.1.25.Final]
	at io.netty.channel.AbstractChannelHandlerContext.invokeChannelRead(AbstractChannelHandlerContext.java:348) [netty-all-4.1.25.Final.jar:4.1.25.Final]
	at io.netty.channel.AbstractChannelHandlerContext.fireChannelRead(AbstractChannelHandlerContext.java:340) [netty-all-4.1.25.Final.jar:4.1.25.Final]
	at io.netty.handler.codec.MessageToMessageDecoder.channelRead(MessageToMessageDecoder.java:102) [netty-all-4.1.25.Final.jar:4.1.25.Final]
	at io.netty.channel.AbstractChannelHandlerContext.invokeChannelRead(AbstractChannelHandlerContext.java:362) [netty-all-4.1.25.Final.jar:4.1.25.Final]
	at io.netty.channel.AbstractChannelHandlerContext.invokeChannelRead(AbstractChannelHandlerContext.java:348) [netty-all-4.1.25.Final.jar:4.1.25.Final]
	at io.netty.channel.AbstractChannelHandlerContext.fireChannelRead(AbstractChannelHandlerContext.java:340) [netty-all-4.1.25.Final.jar:4.1.25.Final]
	at io.netty.handler.codec.ByteToMessageDecoder.fireChannelRead(ByteToMessageDecoder.java:310) [netty-all-4.1.25.Final.jar:4.1.25.Final]
	at io.netty.handler.codec.ByteToMessageDecoder.channelRead(ByteToMessageDecoder.java:284) [netty-all-4.1.25.Final.jar:4.1.25.Final]
	at io.netty.channel.AbstractChannelHandlerContext.invokeChannelRead(AbstractChannelHandlerContext.java:362) [netty-all-4.1.25.Final.jar:4.1.25.Final]
	at io.netty.channel.AbstractChannelHandlerContext.invokeChannelRead(AbstractChannelHandlerContext.java:348) [netty-all-4.1.25.Final.jar:4.1.25.Final]
	at io.netty.channel.AbstractChannelHandlerContext.fireChannelRead(AbstractChannelHandlerContext.java:340) [netty-all-4.1.25.Final.jar:4.1.25.Final]
	at io.netty.channel.DefaultChannelPipeline$HeadContext.channelRead(DefaultChannelPipeline.java:1434) [netty-all-4.1.25.Final.jar:4.1.25.Final]
	at io.netty.channel.AbstractChannelHandlerContext.invokeChannelRead(AbstractChannelHandlerContext.java:362) [netty-all-4.1.25.Final.jar:4.1.25.Final]
	at io.netty.channel.AbstractChannelHandlerContext.invokeChannelRead(AbstractChannelHandlerContext.java:348) [netty-all-4.1.25.Final.jar:4.1.25.Final]
	at io.netty.channel.DefaultChannelPipeline.fireChannelRead(DefaultChannelPipeline.java:965) [netty-all-4.1.25.Final.jar:4.1.25.Final]
	at io.netty.channel.nio.AbstractNioByteChannel$NioByteUnsafe.read(AbstractNioByteChannel.java:163) [netty-all-4.1.25.Final.jar:4.1.25.Final]
	at io.netty.channel.nio.NioEventLoop.processSelectedKey(NioEventLoop.java:647) [netty-all-4.1.25.Final.jar:4.1.25.Final]
	at io.netty.channel.nio.NioEventLoop.processSelectedKeysOptimized(NioEventLoop.java:582) [netty-all-4.1.25.Final.jar:4.1.25.Final]
	at io.netty.channel.nio.NioEventLoop.processSelectedKeys(NioEventLoop.java:499) [netty-all-4.1.25.Final.jar:4.1.25.Final]
	at io.netty.channel.nio.NioEventLoop.run(NioEventLoop.java:461) [netty-all-4.1.25.Final.jar:4.1.25.Final]
	at io.netty.util.concurrent.SingleThreadEventExecutor$5.run(SingleThreadEventExecutor.java:884) [netty-all-4.1.25.Final.jar:4.1.25.Final]
	at io.netty.util.concurrent.FastThreadLocalRunnable.run(FastThreadLocalRunnable.java:30) [netty-all-4.1.25.Final.jar:4.1.25.Final]
	at java.lang.Thread.run(Thread.java:745) [?:1.8.0_111]
调用服务com.wf.dubbo2.demo.api.DemoService-1.0未收到响应... 
调用失败：e:java.lang.RuntimeException: 调用服务[127.0.0.1:8089]未收到响应... 
session timeout [300] is less than connection timeout [15000] 
session timeout [300] is less than connection timeout [15000] 
